[debug] [2025-07-09T04:59:39.187Z] ----------------------------------------------------------------------
[debug] [2025-07-09T04:59:39.195Z] Command:       /usr/local/bin/firebase /home/af4ll/.cache/firebase/tools/lib/node_modules/firebase-tools/lib/bin/firebase init
[debug] [2025-07-09T04:59:39.195Z] CLI Version:   14.9.0
[debug] [2025-07-09T04:59:39.195Z] Platform:      linux
[debug] [2025-07-09T04:59:39.195Z] Node Version:  v20.18.2
[debug] [2025-07-09T04:59:39.195Z] Time:          Wed Jul 09 2025 12:59:39 GMT+0800 (Philippine Standard Time)
[debug] [2025-07-09T04:59:39.195Z] ----------------------------------------------------------------------
[debug] 
[debug] [2025-07-09T04:59:39.201Z] > command requires scopes: ["email","openid","https://www.googleapis.com/auth/cloudplatformprojects.readonly","https://www.googleapis.com/auth/firebase","https://www.googleapis.com/auth/cloud-platform"]
[debug] [2025-07-09T04:59:39.202Z] > authorizing via signed-in user (zamuelarcena7@gmail.com)
[info] 
     ######## #### ########  ######## ########     ###     ######  ########
     ##        ##  ##     ## ##       ##     ##  ##   ##  ##       ##
     ######    ##  ########  ######   ########  #########  ######  ######
     ##        ##  ##    ##  ##       ##     ## ##     ##       ## ##
     ##       #### ##     ## ######## ########  ##     ##  ######  ########

You're about to initialize a Firebase project in this directory:

  /home/af4ll/flutter_weather

[debug] [2025-07-09T04:59:48.052Z] ExitPromptError: User force closed the prompt with SIGINT
    at Interface.sigint (/home/af4ll/.cache/firebase/tools/lib/node_modules/@inquirer/core/dist/commonjs/lib/create-prompt.js:101:37)
    at Interface.emit (node:events:518:28)
    at Interface.emit (node:domain:489:12)
    at [_ttyWrite] [as _ttyWrite] (node:internal/readline/interface:1125:18)
    at ReadStream.onkeypress (node:internal/readline/interface:264:20)
    at ReadStream.emit (node:events:530:35)
    at ReadStream.emit (node:domain:489:12)
    at emitKeys (node:internal/readline/utils:371:14)
    at emitKeys.next (<anonymous>)
    at ReadStream.onData (node:internal/readline/emitKeypressEvents:64:36)
[error] 
[error] Error: An unexpected error has occurred.
